[Mon Dec 27 16:01:54.981545 2021] [ssl:warn] [pid 2984:tid 600] AH01909: www.example.com:443:0 server certificate does NOT include an ID which matches the server name
[Mon Dec 27 16:01:55.013552 2021] [ssl:warn] [pid 2984:tid 600] AH01909: www.example.com:443:0 server certificate does NOT include an ID which matches the server name
[Mon Dec 27 16:01:55.046560 2021] [mpm_winnt:notice] [pid 2984:tid 600] AH00455: Apache/2.4.52 (Win64) OpenSSL/1.1.1m PHP/7.4.27 configured -- resuming normal operations
[Mon Dec 27 16:01:55.046560 2021] [mpm_winnt:notice] [pid 2984:tid 600] AH00456: Apache Lounge VC15 Server built: Dec 23 2021 11:00:40
[Mon Dec 27 16:01:55.046560 2021] [core:notice] [pid 2984:tid 600] AH00094: Command line: 'f:\\project2\\apache\\bin\\httpd.exe -d F:/project2/apache'
[Mon Dec 27 16:01:55.050561 2021] [mpm_winnt:notice] [pid 2984:tid 600] AH00418: Parent: Created child process 7616
[Mon Dec 27 16:01:55.425645 2021] [ssl:warn] [pid 7616:tid 636] AH01909: www.example.com:443:0 server certificate does NOT include an ID which matches the server name
[Mon Dec 27 16:01:55.451650 2021] [ssl:warn] [pid 7616:tid 636] AH01909: www.example.com:443:0 server certificate does NOT include an ID which matches the server name
[Mon Dec 27 16:01:55.471655 2021] [mpm_winnt:notice] [pid 7616:tid 636] AH00354: Child: Starting 150 worker threads.
[Tue Dec 28 10:09:14.760430 2021] [ssl:warn] [pid 284:tid 512] AH01909: www.example.com:443:0 server certificate does NOT include an ID which matches the server name
[Tue Dec 28 10:09:14.790721 2021] [core:warn] [pid 284:tid 512] AH00098: pid file F:/project2/apache/logs/httpd.pid overwritten -- Unclean shutdown of previous Apache run?
[Tue Dec 28 10:09:14.793653 2021] [ssl:warn] [pid 284:tid 512] AH01909: www.example.com:443:0 server certificate does NOT include an ID which matches the server name
[Tue Dec 28 10:09:14.849350 2021] [mpm_winnt:notice] [pid 284:tid 512] AH00455: Apache/2.4.52 (Win64) OpenSSL/1.1.1m PHP/7.4.27 configured -- resuming normal operations
[Tue Dec 28 10:09:14.849350 2021] [mpm_winnt:notice] [pid 284:tid 512] AH00456: Apache Lounge VC15 Server built: Dec 23 2021 11:00:40
[Tue Dec 28 10:09:14.849350 2021] [core:notice] [pid 284:tid 512] AH00094: Command line: 'f:\\project2\\apache\\bin\\httpd.exe -d F:/project2/apache'
[Tue Dec 28 10:09:14.853258 2021] [mpm_winnt:notice] [pid 284:tid 512] AH00418: Parent: Created child process 9052
[Tue Dec 28 10:09:15.169331 2021] [ssl:warn] [pid 9052:tid 468] AH01909: www.example.com:443:0 server certificate does NOT include an ID which matches the server name
[Tue Dec 28 10:09:15.205485 2021] [ssl:warn] [pid 9052:tid 468] AH01909: www.example.com:443:0 server certificate does NOT include an ID which matches the server name
[Tue Dec 28 10:09:15.243593 2021] [mpm_winnt:notice] [pid 9052:tid 468] AH00354: Child: Starting 150 worker threads.
[Wed Dec 29 07:20:07.991601 2021] [ssl:warn] [pid 12312:tid 596] AH01909: www.example.com:443:0 server certificate does NOT include an ID which matches the server name
[Wed Dec 29 07:20:08.036549 2021] [core:warn] [pid 12312:tid 596] AH00098: pid file F:/project2/apache/logs/httpd.pid overwritten -- Unclean shutdown of previous Apache run?
[Wed Dec 29 07:20:08.041436 2021] [ssl:warn] [pid 12312:tid 596] AH01909: www.example.com:443:0 server certificate does NOT include an ID which matches the server name
[Wed Dec 29 07:20:08.421542 2021] [mpm_winnt:notice] [pid 12312:tid 596] AH00455: Apache/2.4.52 (Win64) OpenSSL/1.1.1m PHP/7.4.27 configured -- resuming normal operations
[Wed Dec 29 07:20:08.421542 2021] [mpm_winnt:notice] [pid 12312:tid 596] AH00456: Apache Lounge VC15 Server built: Dec 23 2021 11:00:40
[Wed Dec 29 07:20:08.421542 2021] [core:notice] [pid 12312:tid 596] AH00094: Command line: 'f:\\project2\\apache\\bin\\httpd.exe -d F:/project2/apache'
[Wed Dec 29 07:20:08.424474 2021] [mpm_winnt:notice] [pid 12312:tid 596] AH00418: Parent: Created child process 8088
[Wed Dec 29 07:20:08.786993 2021] [ssl:warn] [pid 8088:tid 524] AH01909: www.example.com:443:0 server certificate does NOT include an ID which matches the server name
[Wed Dec 29 07:20:08.819239 2021] [ssl:warn] [pid 8088:tid 524] AH01909: www.example.com:443:0 server certificate does NOT include an ID which matches the server name
[Wed Dec 29 07:20:08.849530 2021] [mpm_winnt:notice] [pid 8088:tid 524] AH00354: Child: Starting 150 worker threads.
[Wed Dec 29 09:32:59.499613 2021] [ssl:warn] [pid 12728:tid 520] AH01909: www.example.com:443:0 server certificate does NOT include an ID which matches the server name
[Wed Dec 29 09:32:59.528927 2021] [core:warn] [pid 12728:tid 520] AH00098: pid file F:/project2/apache/logs/httpd.pid overwritten -- Unclean shutdown of previous Apache run?
[Wed Dec 29 09:32:59.531858 2021] [ssl:warn] [pid 12728:tid 520] AH01909: www.example.com:443:0 server certificate does NOT include an ID which matches the server name
[Wed Dec 29 09:32:59.747806 2021] [mpm_winnt:notice] [pid 12728:tid 520] AH00455: Apache/2.4.52 (Win64) OpenSSL/1.1.1m PHP/7.4.27 configured -- resuming normal operations
[Wed Dec 29 09:32:59.747806 2021] [mpm_winnt:notice] [pid 12728:tid 520] AH00456: Apache Lounge VC15 Server built: Dec 23 2021 11:00:40
[Wed Dec 29 09:32:59.747806 2021] [core:notice] [pid 12728:tid 520] AH00094: Command line: 'f:\\project2\\apache\\bin\\httpd.exe -d F:/project2/apache'
[Wed Dec 29 09:32:59.750738 2021] [mpm_winnt:notice] [pid 12728:tid 520] AH00418: Parent: Created child process 5556
[Wed Dec 29 09:33:00.006749 2021] [ssl:warn] [pid 5556:tid 588] AH01909: www.example.com:443:0 server certificate does NOT include an ID which matches the server name
[Wed Dec 29 09:33:00.033133 2021] [ssl:warn] [pid 5556:tid 588] AH01909: www.example.com:443:0 server certificate does NOT include an ID which matches the server name
[Wed Dec 29 09:33:00.055606 2021] [mpm_winnt:notice] [pid 5556:tid 588] AH00354: Child: Starting 150 worker threads.
[Wed Dec 29 14:11:51.285542 2021] [ssl:warn] [pid 7016:tid 540] AH01909: www.example.com:443:0 server certificate does NOT include an ID which matches the server name
[Wed Dec 29 14:11:51.321047 2021] [core:warn] [pid 7016:tid 540] AH00098: pid file F:/project2/apache/logs/httpd.pid overwritten -- Unclean shutdown of previous Apache run?
[Wed Dec 29 14:11:51.323048 2021] [ssl:warn] [pid 7016:tid 540] AH01909: www.example.com:443:0 server certificate does NOT include an ID which matches the server name
[Wed Dec 29 14:11:51.621099 2021] [mpm_winnt:notice] [pid 7016:tid 540] AH00455: Apache/2.4.52 (Win64) OpenSSL/1.1.1m PHP/7.4.27 configured -- resuming normal operations
[Wed Dec 29 14:11:51.621099 2021] [mpm_winnt:notice] [pid 7016:tid 540] AH00456: Apache Lounge VC15 Server built: Dec 23 2021 11:00:40
[Wed Dec 29 14:11:51.621099 2021] [core:notice] [pid 7016:tid 540] AH00094: Command line: 'f:\\project2\\apache\\bin\\httpd.exe -d F:/project2/apache'
[Wed Dec 29 14:11:51.630101 2021] [mpm_winnt:notice] [pid 7016:tid 540] AH00418: Parent: Created child process 11868
[Wed Dec 29 14:11:52.054175 2021] [ssl:warn] [pid 11868:tid 620] AH01909: www.example.com:443:0 server certificate does NOT include an ID which matches the server name
[Wed Dec 29 14:11:52.084679 2021] [ssl:warn] [pid 11868:tid 620] AH01909: www.example.com:443:0 server certificate does NOT include an ID which matches the server name
[Wed Dec 29 14:11:52.107684 2021] [mpm_winnt:notice] [pid 11868:tid 620] AH00354: Child: Starting 150 worker threads.
[Wed Dec 29 17:20:17.421843 2021] [ssl:warn] [pid 5908:tid 632] AH01909: www.example.com:443:0 server certificate does NOT include an ID which matches the server name
[Wed Dec 29 17:20:17.450347 2021] [core:warn] [pid 5908:tid 632] AH00098: pid file F:/project2/apache/logs/httpd.pid overwritten -- Unclean shutdown of previous Apache run?
[Wed Dec 29 17:20:17.452348 2021] [ssl:warn] [pid 5908:tid 632] AH01909: www.example.com:443:0 server certificate does NOT include an ID which matches the server name
[Wed Dec 29 17:20:17.698891 2021] [mpm_winnt:notice] [pid 5908:tid 632] AH00455: Apache/2.4.52 (Win64) OpenSSL/1.1.1m PHP/7.4.27 configured -- resuming normal operations
[Wed Dec 29 17:20:17.699391 2021] [mpm_winnt:notice] [pid 5908:tid 632] AH00456: Apache Lounge VC15 Server built: Dec 23 2021 11:00:40
[Wed Dec 29 17:20:17.699391 2021] [core:notice] [pid 5908:tid 632] AH00094: Command line: 'f:\\project2\\apache\\bin\\httpd.exe -d F:/project2/apache'
[Wed Dec 29 17:20:17.702891 2021] [mpm_winnt:notice] [pid 5908:tid 632] AH00418: Parent: Created child process 11040
[Wed Dec 29 17:20:17.988441 2021] [ssl:warn] [pid 11040:tid 476] AH01909: www.example.com:443:0 server certificate does NOT include an ID which matches the server name
[Wed Dec 29 17:20:18.015946 2021] [ssl:warn] [pid 11040:tid 476] AH01909: www.example.com:443:0 server certificate does NOT include an ID which matches the server name
[Wed Dec 29 17:20:18.039450 2021] [mpm_winnt:notice] [pid 11040:tid 476] AH00354: Child: Starting 150 worker threads.
[Thu Dec 30 11:34:06.307308 2021] [ssl:warn] [pid 20744:tid 436] AH01909: www.example.com:443:0 server certificate does NOT include an ID which matches the server name
[Thu Dec 30 11:34:06.348315 2021] [core:warn] [pid 20744:tid 436] AH00098: pid file F:/project2/apache/logs/httpd.pid overwritten -- Unclean shutdown of previous Apache run?
[Thu Dec 30 11:34:06.350316 2021] [ssl:warn] [pid 20744:tid 436] AH01909: www.example.com:443:0 server certificate does NOT include an ID which matches the server name
[Thu Dec 30 11:34:06.479837 2021] [mpm_winnt:notice] [pid 20744:tid 436] AH00455: Apache/2.4.52 (Win64) OpenSSL/1.1.1m PHP/7.4.27 configured -- resuming normal operations
[Thu Dec 30 11:34:06.479837 2021] [mpm_winnt:notice] [pid 20744:tid 436] AH00456: Apache Lounge VC15 Server built: Dec 23 2021 11:00:40
[Thu Dec 30 11:34:06.479837 2021] [core:notice] [pid 20744:tid 436] AH00094: Command line: 'f:\\project2\\apache\\bin\\httpd.exe -d F:/project2/apache'
[Thu Dec 30 11:34:06.481838 2021] [mpm_winnt:notice] [pid 20744:tid 436] AH00418: Parent: Created child process 33680
[Thu Dec 30 11:34:06.754885 2021] [ssl:warn] [pid 33680:tid 576] AH01909: www.example.com:443:0 server certificate does NOT include an ID which matches the server name
[Thu Dec 30 11:34:06.783890 2021] [ssl:warn] [pid 33680:tid 576] AH01909: www.example.com:443:0 server certificate does NOT include an ID which matches the server name
[Thu Dec 30 11:34:06.806895 2021] [mpm_winnt:notice] [pid 33680:tid 576] AH00354: Child: Starting 150 worker threads.
[Thu Dec 30 11:42:15.326879 2021] [ssl:warn] [pid 11164:tid 604] AH01909: www.example.com:443:0 server certificate does NOT include an ID which matches the server name
[Thu Dec 30 11:42:15.351050 2021] [core:warn] [pid 11164:tid 604] AH00098: pid file F:/project2/apache/logs/httpd.pid overwritten -- Unclean shutdown of previous Apache run?
[Thu Dec 30 11:42:15.353051 2021] [ssl:warn] [pid 11164:tid 604] AH01909: www.example.com:443:0 server certificate does NOT include an ID which matches the server name
[Thu Dec 30 11:42:15.540807 2021] [mpm_winnt:notice] [pid 11164:tid 604] AH00455: Apache/2.4.52 (Win64) OpenSSL/1.1.1m PHP/7.4.27 configured -- resuming normal operations
[Thu Dec 30 11:42:15.540807 2021] [mpm_winnt:notice] [pid 11164:tid 604] AH00456: Apache Lounge VC15 Server built: Dec 23 2021 11:00:40
[Thu Dec 30 11:42:15.540807 2021] [core:notice] [pid 11164:tid 604] AH00094: Command line: 'f:\\project2\\apache\\bin\\httpd.exe -d F:/project2/apache'
[Thu Dec 30 11:42:15.542808 2021] [mpm_winnt:notice] [pid 11164:tid 604] AH00418: Parent: Created child process 11108
[Thu Dec 30 11:42:15.794360 2021] [ssl:warn] [pid 11108:tid 520] AH01909: www.example.com:443:0 server certificate does NOT include an ID which matches the server name
[Thu Dec 30 11:42:15.819364 2021] [ssl:warn] [pid 11108:tid 520] AH01909: www.example.com:443:0 server certificate does NOT include an ID which matches the server name
[Thu Dec 30 11:42:15.839369 2021] [mpm_winnt:notice] [pid 11108:tid 520] AH00354: Child: Starting 150 worker threads.
[Thu Dec 30 15:33:25.463745 2021] [ssl:warn] [pid 10888:tid 480] AH01909: www.example.com:443:0 server certificate does NOT include an ID which matches the server name
[Thu Dec 30 15:33:25.479371 2021] [core:warn] [pid 10888:tid 480] AH00098: pid file F:/project2/apache/logs/httpd.pid overwritten -- Unclean shutdown of previous Apache run?
[Thu Dec 30 15:33:25.494998 2021] [ssl:warn] [pid 10888:tid 480] AH01909: www.example.com:443:0 server certificate does NOT include an ID which matches the server name
[Thu Dec 30 15:33:25.684402 2021] [mpm_winnt:notice] [pid 10888:tid 480] AH00455: Apache/2.4.52 (Win64) OpenSSL/1.1.1m PHP/7.4.27 configured -- resuming normal operations
[Thu Dec 30 15:33:25.684402 2021] [mpm_winnt:notice] [pid 10888:tid 480] AH00456: Apache Lounge VC15 Server built: Dec 23 2021 11:00:40
[Thu Dec 30 15:33:25.684402 2021] [core:notice] [pid 10888:tid 480] AH00094: Command line: 'f:\\project2\\apache\\bin\\httpd.exe -d F:/project2/apache'
[Thu Dec 30 15:33:25.684467 2021] [mpm_winnt:notice] [pid 10888:tid 480] AH00418: Parent: Created child process 10648
[Thu Dec 30 15:33:25.947933 2021] [ssl:warn] [pid 10648:tid 604] AH01909: www.example.com:443:0 server certificate does NOT include an ID which matches the server name
[Thu Dec 30 15:33:25.985797 2021] [ssl:warn] [pid 10648:tid 604] AH01909: www.example.com:443:0 server certificate does NOT include an ID which matches the server name
[Thu Dec 30 15:33:26.000839 2021] [mpm_winnt:notice] [pid 10648:tid 604] AH00354: Child: Starting 150 worker threads.
[Fri Dec 31 21:19:40.791697 2021] [ssl:warn] [pid 12308:tid 600] AH01909: www.example.com:443:0 server certificate does NOT include an ID which matches the server name
[Fri Dec 31 21:19:40.833707 2021] [core:warn] [pid 12308:tid 600] AH00098: pid file F:/project2/apache/logs/httpd.pid overwritten -- Unclean shutdown of previous Apache run?
[Fri Dec 31 21:19:40.835707 2021] [ssl:warn] [pid 12308:tid 600] AH01909: www.example.com:443:0 server certificate does NOT include an ID which matches the server name
[Fri Dec 31 21:19:41.196789 2021] [mpm_winnt:notice] [pid 12308:tid 600] AH00455: Apache/2.4.52 (Win64) OpenSSL/1.1.1m PHP/7.4.27 configured -- resuming normal operations
[Fri Dec 31 21:19:41.196789 2021] [mpm_winnt:notice] [pid 12308:tid 600] AH00456: Apache Lounge VC15 Server built: Dec 23 2021 11:00:40
[Fri Dec 31 21:19:41.196789 2021] [core:notice] [pid 12308:tid 600] AH00094: Command line: 'f:\\project2\\apache\\bin\\httpd.exe -d F:/project2/apache'
[Fri Dec 31 21:19:41.199790 2021] [mpm_winnt:notice] [pid 12308:tid 600] AH00418: Parent: Created child process 4028
[Fri Dec 31 21:19:41.637925 2021] [ssl:warn] [pid 4028:tid 572] AH01909: www.example.com:443:0 server certificate does NOT include an ID which matches the server name
[Fri Dec 31 21:19:41.670932 2021] [ssl:warn] [pid 4028:tid 572] AH01909: www.example.com:443:0 server certificate does NOT include an ID which matches the server name
[Fri Dec 31 21:19:41.701939 2021] [mpm_winnt:notice] [pid 4028:tid 572] AH00354: Child: Starting 150 worker threads.
[Sat Jan 01 11:43:09.705472 2022] [ssl:warn] [pid 3224:tid 544] AH01909: www.example.com:443:0 server certificate does NOT include an ID which matches the server name
[Sat Jan 01 11:43:09.742604 2022] [core:warn] [pid 3224:tid 544] AH00098: pid file F:/project2/apache/logs/httpd.pid overwritten -- Unclean shutdown of previous Apache run?
[Sat Jan 01 11:43:09.744559 2022] [ssl:warn] [pid 3224:tid 544] AH01909: www.example.com:443:0 server certificate does NOT include an ID which matches the server name
[Sat Jan 01 11:43:10.121605 2022] [mpm_winnt:notice] [pid 3224:tid 544] AH00455: Apache/2.4.52 (Win64) OpenSSL/1.1.1m PHP/7.4.27 configured -- resuming normal operations
[Sat Jan 01 11:43:10.121605 2022] [mpm_winnt:notice] [pid 3224:tid 544] AH00456: Apache Lounge VC15 Server built: Dec 23 2021 11:00:40
[Sat Jan 01 11:43:10.121605 2022] [core:notice] [pid 3224:tid 544] AH00094: Command line: 'f:\\project2\\apache\\bin\\httpd.exe -d F:/project2/apache'
[Sat Jan 01 11:43:10.124535 2022] [mpm_winnt:notice] [pid 3224:tid 544] AH00418: Parent: Created child process 11788
[Sat Jan 01 11:43:10.385436 2022] [ssl:warn] [pid 11788:tid 568] AH01909: www.example.com:443:0 server certificate does NOT include an ID which matches the server name
[Sat Jan 01 11:43:10.411819 2022] [ssl:warn] [pid 11788:tid 568] AH01909: www.example.com:443:0 server certificate does NOT include an ID which matches the server name
[Sat Jan 01 11:43:10.434292 2022] [mpm_winnt:notice] [pid 11788:tid 568] AH00354: Child: Starting 150 worker threads.
[Fri Jan 07 20:51:31.823753 2022] [ssl:warn] [pid 19304:tid 500] AH01909: www.example.com:443:0 server certificate does NOT include an ID which matches the server name
[Fri Jan 07 20:51:31.880392 2022] [core:warn] [pid 19304:tid 500] AH00098: pid file F:/project2/apache/logs/httpd.pid overwritten -- Unclean shutdown of previous Apache run?
[Fri Jan 07 20:51:31.882893 2022] [ssl:warn] [pid 19304:tid 500] AH01909: www.example.com:443:0 server certificate does NOT include an ID which matches the server name
[Fri Jan 07 20:51:32.150355 2022] [mpm_winnt:notice] [pid 19304:tid 500] AH00455: Apache/2.4.52 (Win64) OpenSSL/1.1.1m PHP/7.4.27 configured -- resuming normal operations
[Fri Jan 07 20:51:32.150855 2022] [mpm_winnt:notice] [pid 19304:tid 500] AH00456: Apache Lounge VC15 Server built: Dec 23 2021 11:00:40
[Fri Jan 07 20:51:32.150855 2022] [core:notice] [pid 19304:tid 500] AH00094: Command line: 'f:\\project2\\apache\\bin\\httpd.exe -d F:/project2/apache'
[Fri Jan 07 20:51:32.153356 2022] [mpm_winnt:notice] [pid 19304:tid 500] AH00418: Parent: Created child process 11872
[Fri Jan 07 20:51:32.411901 2022] [ssl:warn] [pid 11872:tid 548] AH01909: www.example.com:443:0 server certificate does NOT include an ID which matches the server name
[Fri Jan 07 20:51:32.441905 2022] [ssl:warn] [pid 11872:tid 548] AH01909: www.example.com:443:0 server certificate does NOT include an ID which matches the server name
[Fri Jan 07 20:51:32.466910 2022] [mpm_winnt:notice] [pid 11872:tid 548] AH00354: Child: Starting 150 worker threads.
[Sat Jan 08 08:32:48.039483 2022] [ssl:warn] [pid 15356:tid 524] AH01909: www.example.com:443:0 server certificate does NOT include an ID which matches the server name
[Sat Jan 08 08:32:48.071989 2022] [core:warn] [pid 15356:tid 524] AH00098: pid file F:/project2/apache/logs/httpd.pid overwritten -- Unclean shutdown of previous Apache run?
[Sat Jan 08 08:32:48.073989 2022] [ssl:warn] [pid 15356:tid 524] AH01909: www.example.com:443:0 server certificate does NOT include an ID which matches the server name
[Sat Jan 08 08:32:48.417048 2022] [mpm_winnt:notice] [pid 15356:tid 524] AH00455: Apache/2.4.52 (Win64) OpenSSL/1.1.1m PHP/7.4.27 configured -- resuming normal operations
[Sat Jan 08 08:32:48.417048 2022] [mpm_winnt:notice] [pid 15356:tid 524] AH00456: Apache Lounge VC15 Server built: Dec 23 2021 11:00:40
[Sat Jan 08 08:32:48.417048 2022] [core:notice] [pid 15356:tid 524] AH00094: Command line: 'f:\\project2\\apache\\bin\\httpd.exe -d F:/project2/apache'
[Sat Jan 08 08:32:48.420549 2022] [mpm_winnt:notice] [pid 15356:tid 524] AH00418: Parent: Created child process 14244
[Sat Jan 08 08:32:48.762609 2022] [ssl:warn] [pid 14244:tid 592] AH01909: www.example.com:443:0 server certificate does NOT include an ID which matches the server name
[Sat Jan 08 08:32:48.797115 2022] [ssl:warn] [pid 14244:tid 592] AH01909: www.example.com:443:0 server certificate does NOT include an ID which matches the server name
[Sat Jan 08 08:32:48.853125 2022] [mpm_winnt:notice] [pid 14244:tid 592] AH00354: Child: Starting 150 worker threads.
[Sun Jan 09 11:53:56.883077 2022] [ssl:warn] [pid 3892:tid 704] AH01909: www.example.com:443:0 server certificate does NOT include an ID which matches the server name
[Sun Jan 09 11:53:56.922582 2022] [core:warn] [pid 3892:tid 704] AH00098: pid file F:/project2/apache/logs/httpd.pid overwritten -- Unclean shutdown of previous Apache run?
[Sun Jan 09 11:53:56.924582 2022] [ssl:warn] [pid 3892:tid 704] AH01909: www.example.com:443:0 server certificate does NOT include an ID which matches the server name
[Sun Jan 09 11:53:57.269143 2022] [mpm_winnt:notice] [pid 3892:tid 704] AH00455: Apache/2.4.52 (Win64) OpenSSL/1.1.1m PHP/7.4.27 configured -- resuming normal operations
[Sun Jan 09 11:53:57.269143 2022] [mpm_winnt:notice] [pid 3892:tid 704] AH00456: Apache Lounge VC15 Server built: Dec 23 2021 11:00:40
[Sun Jan 09 11:53:57.269143 2022] [core:notice] [pid 3892:tid 704] AH00094: Command line: 'f:\\project2\\apache\\bin\\httpd.exe -d F:/project2/apache'
[Sun Jan 09 11:53:57.272643 2022] [mpm_winnt:notice] [pid 3892:tid 704] AH00418: Parent: Created child process 19340
[Sun Jan 09 11:53:57.602701 2022] [ssl:warn] [pid 19340:tid 536] AH01909: www.example.com:443:0 server certificate does NOT include an ID which matches the server name
[Sun Jan 09 11:53:57.637707 2022] [ssl:warn] [pid 19340:tid 536] AH01909: www.example.com:443:0 server certificate does NOT include an ID which matches the server name
[Sun Jan 09 11:53:57.662211 2022] [mpm_winnt:notice] [pid 19340:tid 536] AH00354: Child: Starting 150 worker threads.
[Mon Jan 10 18:16:27.730032 2022] [ssl:warn] [pid 15780:tid 696] AH01909: www.example.com:443:0 server certificate does NOT include an ID which matches the server name
[Mon Jan 10 18:16:27.769039 2022] [core:warn] [pid 15780:tid 696] AH00098: pid file F:/project2/apache/logs/httpd.pid overwritten -- Unclean shutdown of previous Apache run?
[Mon Jan 10 18:16:27.772539 2022] [ssl:warn] [pid 15780:tid 696] AH01909: www.example.com:443:0 server certificate does NOT include an ID which matches the server name
[Mon Jan 10 18:16:28.127601 2022] [mpm_winnt:notice] [pid 15780:tid 696] AH00455: Apache/2.4.52 (Win64) OpenSSL/1.1.1m PHP/7.4.27 configured -- resuming normal operations
[Mon Jan 10 18:16:28.127601 2022] [mpm_winnt:notice] [pid 15780:tid 696] AH00456: Apache Lounge VC15 Server built: Dec 23 2021 11:00:40
[Mon Jan 10 18:16:28.127601 2022] [core:notice] [pid 15780:tid 696] AH00094: Command line: 'f:\\project2\\apache\\bin\\httpd.exe -d F:/project2/apache'
[Mon Jan 10 18:16:28.133603 2022] [mpm_winnt:notice] [pid 15780:tid 696] AH00418: Parent: Created child process 15528
[Mon Jan 10 18:16:28.485164 2022] [ssl:warn] [pid 15528:tid 488] AH01909: www.example.com:443:0 server certificate does NOT include an ID which matches the server name
[Mon Jan 10 18:16:28.521170 2022] [ssl:warn] [pid 15528:tid 488] AH01909: www.example.com:443:0 server certificate does NOT include an ID which matches the server name
[Mon Jan 10 18:16:28.553675 2022] [mpm_winnt:notice] [pid 15528:tid 488] AH00354: Child: Starting 150 worker threads.
[Mon Jan 10 21:03:13.794749 2022] [ssl:warn] [pid 5640:tid 520] AH01909: www.example.com:443:0 server certificate does NOT include an ID which matches the server name
[Mon Jan 10 21:03:13.821753 2022] [core:warn] [pid 5640:tid 520] AH00098: pid file F:/project2/apache/logs/httpd.pid overwritten -- Unclean shutdown of previous Apache run?
[Mon Jan 10 21:03:13.846061 2022] [ssl:warn] [pid 5640:tid 520] AH01909: www.example.com:443:0 server certificate does NOT include an ID which matches the server name
[Mon Jan 10 21:03:13.868064 2022] [mpm_winnt:notice] [pid 5640:tid 520] AH00455: Apache/2.4.52 (Win64) OpenSSL/1.1.1m PHP/7.4.27 configured -- resuming normal operations
[Mon Jan 10 21:03:13.868064 2022] [mpm_winnt:notice] [pid 5640:tid 520] AH00456: Apache Lounge VC15 Server built: Dec 23 2021 11:00:40
[Mon Jan 10 21:03:13.868064 2022] [core:notice] [pid 5640:tid 520] AH00094: Command line: 'f:\\project2\\apache\\bin\\httpd.exe -d F:/project2/apache'
[Mon Jan 10 21:03:13.872395 2022] [mpm_winnt:notice] [pid 5640:tid 520] AH00418: Parent: Created child process 2240
[Mon Jan 10 21:03:14.109938 2022] [ssl:warn] [pid 2240:tid 584] AH01909: www.example.com:443:0 server certificate does NOT include an ID which matches the server name
[Mon Jan 10 21:03:14.134441 2022] [ssl:warn] [pid 2240:tid 584] AH01909: www.example.com:443:0 server certificate does NOT include an ID which matches the server name
[Mon Jan 10 21:03:14.153444 2022] [mpm_winnt:notice] [pid 2240:tid 584] AH00354: Child: Starting 150 worker threads.
[Tue Jan 11 10:59:14.847641 2022] [ssl:warn] [pid 7476:tid 616] AH01909: www.example.com:443:0 server certificate does NOT include an ID which matches the server name
[Tue Jan 11 10:59:14.893649 2022] [core:warn] [pid 7476:tid 616] AH00098: pid file F:/project2/apache/logs/httpd.pid overwritten -- Unclean shutdown of previous Apache run?
[Tue Jan 11 10:59:14.897151 2022] [ssl:warn] [pid 7476:tid 616] AH01909: www.example.com:443:0 server certificate does NOT include an ID which matches the server name
[Tue Jan 11 10:59:15.237210 2022] [mpm_winnt:notice] [pid 7476:tid 616] AH00455: Apache/2.4.52 (Win64) OpenSSL/1.1.1m PHP/7.4.27 configured -- resuming normal operations
[Tue Jan 11 10:59:15.237210 2022] [mpm_winnt:notice] [pid 7476:tid 616] AH00456: Apache Lounge VC15 Server built: Dec 23 2021 11:00:40
[Tue Jan 11 10:59:15.237210 2022] [core:notice] [pid 7476:tid 616] AH00094: Command line: 'f:\\project2\\apache\\bin\\httpd.exe -d F:/project2/apache'
[Tue Jan 11 10:59:15.240211 2022] [mpm_winnt:notice] [pid 7476:tid 616] AH00418: Parent: Created child process 12196
[Tue Jan 11 10:59:15.603774 2022] [ssl:warn] [pid 12196:tid 568] AH01909: www.example.com:443:0 server certificate does NOT include an ID which matches the server name
[Tue Jan 11 10:59:15.636279 2022] [ssl:warn] [pid 12196:tid 568] AH01909: www.example.com:443:0 server certificate does NOT include an ID which matches the server name
[Tue Jan 11 10:59:15.656783 2022] [mpm_winnt:notice] [pid 12196:tid 568] AH00354: Child: Starting 150 worker threads.
[Wed Jan 12 08:39:01.515588 2022] [ssl:warn] [pid 12212:tid 600] AH01909: www.example.com:443:0 server certificate does NOT include an ID which matches the server name
[Wed Jan 12 08:39:01.567096 2022] [core:warn] [pid 12212:tid 600] AH00098: pid file F:/project2/apache/logs/httpd.pid overwritten -- Unclean shutdown of previous Apache run?
[Wed Jan 12 08:39:01.573597 2022] [ssl:warn] [pid 12212:tid 600] AH01909: www.example.com:443:0 server certificate does NOT include an ID which matches the server name
[Wed Jan 12 08:39:01.989171 2022] [mpm_winnt:notice] [pid 12212:tid 600] AH00455: Apache/2.4.52 (Win64) OpenSSL/1.1.1m PHP/7.4.27 configured -- resuming normal operations
[Wed Jan 12 08:39:01.989171 2022] [mpm_winnt:notice] [pid 12212:tid 600] AH00456: Apache Lounge VC15 Server built: Dec 23 2021 11:00:40
[Wed Jan 12 08:39:01.989171 2022] [core:notice] [pid 12212:tid 600] AH00094: Command line: 'f:\\project2\\apache\\bin\\httpd.exe -d F:/project2/apache'
[Wed Jan 12 08:39:01.992171 2022] [mpm_winnt:notice] [pid 12212:tid 600] AH00418: Parent: Created child process 6732
[Wed Jan 12 08:39:02.463753 2022] [ssl:warn] [pid 6732:tid 584] AH01909: www.example.com:443:0 server certificate does NOT include an ID which matches the server name
[Wed Jan 12 08:39:02.505261 2022] [ssl:warn] [pid 6732:tid 584] AH01909: www.example.com:443:0 server certificate does NOT include an ID which matches the server name
[Wed Jan 12 08:39:02.530765 2022] [mpm_winnt:notice] [pid 6732:tid 584] AH00354: Child: Starting 150 worker threads.
[Wed Jan 12 09:23:04.527912 2022] [ssl:warn] [pid 6528:tid 620] AH01909: www.example.com:443:0 server certificate does NOT include an ID which matches the server name
[Wed Jan 12 09:23:04.554917 2022] [core:warn] [pid 6528:tid 620] AH00098: pid file F:/project2/apache/logs/httpd.pid overwritten -- Unclean shutdown of previous Apache run?
[Wed Jan 12 09:23:04.557417 2022] [ssl:warn] [pid 6528:tid 620] AH01909: www.example.com:443:0 server certificate does NOT include an ID which matches the server name
[Wed Jan 12 09:23:04.762953 2022] [mpm_winnt:notice] [pid 6528:tid 620] AH00455: Apache/2.4.52 (Win64) OpenSSL/1.1.1m PHP/7.4.27 configured -- resuming normal operations
[Wed Jan 12 09:23:04.762953 2022] [mpm_winnt:notice] [pid 6528:tid 620] AH00456: Apache Lounge VC15 Server built: Dec 23 2021 11:00:40
[Wed Jan 12 09:23:04.762953 2022] [core:notice] [pid 6528:tid 620] AH00094: Command line: 'f:\\project2\\apache\\bin\\httpd.exe -d F:/project2/apache'
[Wed Jan 12 09:23:04.765453 2022] [mpm_winnt:notice] [pid 6528:tid 620] AH00418: Parent: Created child process 8788
[Wed Jan 12 09:23:05.105513 2022] [ssl:warn] [pid 8788:tid 604] AH01909: www.example.com:443:0 server certificate does NOT include an ID which matches the server name
[Wed Jan 12 09:23:05.130517 2022] [ssl:warn] [pid 8788:tid 604] AH01909: www.example.com:443:0 server certificate does NOT include an ID which matches the server name
[Wed Jan 12 09:23:05.151020 2022] [mpm_winnt:notice] [pid 8788:tid 604] AH00354: Child: Starting 150 worker threads.
[Wed Jan 12 21:43:28.190390 2022] [ssl:warn] [pid 13936:tid 576] AH01909: www.example.com:443:0 server certificate does NOT include an ID which matches the server name
[Wed Jan 12 21:43:28.215343 2022] [core:warn] [pid 13936:tid 576] AH00098: pid file F:/project2/apache/logs/httpd.pid overwritten -- Unclean shutdown of previous Apache run?
[Wed Jan 12 21:43:28.217344 2022] [ssl:warn] [pid 13936:tid 576] AH01909: www.example.com:443:0 server certificate does NOT include an ID which matches the server name
[Wed Jan 12 21:43:28.409175 2022] [mpm_winnt:notice] [pid 13936:tid 576] AH00455: Apache/2.4.52 (Win64) OpenSSL/1.1.1m PHP/7.4.27 configured -- resuming normal operations
[Wed Jan 12 21:43:28.409175 2022] [mpm_winnt:notice] [pid 13936:tid 576] AH00456: Apache Lounge VC15 Server built: Dec 23 2021 11:00:40
[Wed Jan 12 21:43:28.409175 2022] [core:notice] [pid 13936:tid 576] AH00094: Command line: 'f:\\project2\\apache\\bin\\httpd.exe -d F:/project2/apache'
[Wed Jan 12 21:43:28.411701 2022] [mpm_winnt:notice] [pid 13936:tid 576] AH00418: Parent: Created child process 7792
[Wed Jan 12 21:43:28.673895 2022] [ssl:warn] [pid 7792:tid 576] AH01909: www.example.com:443:0 server certificate does NOT include an ID which matches the server name
[Wed Jan 12 21:43:28.697399 2022] [ssl:warn] [pid 7792:tid 576] AH01909: www.example.com:443:0 server certificate does NOT include an ID which matches the server name
[Wed Jan 12 21:43:28.715902 2022] [mpm_winnt:notice] [pid 7792:tid 576] AH00354: Child: Starting 150 worker threads.
[Thu Jan 13 07:22:27.290162 2022] [ssl:warn] [pid 1684:tid 652] AH01909: www.example.com:443:0 server certificate does NOT include an ID which matches the server name
[Thu Jan 13 07:22:27.334670 2022] [core:warn] [pid 1684:tid 652] AH00098: pid file F:/project2/apache/logs/httpd.pid overwritten -- Unclean shutdown of previous Apache run?
[Thu Jan 13 07:22:27.337172 2022] [ssl:warn] [pid 1684:tid 652] AH01909: www.example.com:443:0 server certificate does NOT include an ID which matches the server name
[Thu Jan 13 07:22:27.674728 2022] [mpm_winnt:notice] [pid 1684:tid 652] AH00455: Apache/2.4.52 (Win64) OpenSSL/1.1.1m PHP/7.4.27 configured -- resuming normal operations
[Thu Jan 13 07:22:27.674728 2022] [mpm_winnt:notice] [pid 1684:tid 652] AH00456: Apache Lounge VC15 Server built: Dec 23 2021 11:00:40
[Thu Jan 13 07:22:27.674728 2022] [core:notice] [pid 1684:tid 652] AH00094: Command line: 'f:\\project2\\apache\\bin\\httpd.exe -d F:/project2/apache'
[Thu Jan 13 07:22:27.677729 2022] [mpm_winnt:notice] [pid 1684:tid 652] AH00418: Parent: Created child process 10864
[Thu Jan 13 07:22:28.010287 2022] [ssl:warn] [pid 10864:tid 612] AH01909: www.example.com:443:0 server certificate does NOT include an ID which matches the server name
[Thu Jan 13 07:22:28.041792 2022] [ssl:warn] [pid 10864:tid 612] AH01909: www.example.com:443:0 server certificate does NOT include an ID which matches the server name
[Thu Jan 13 07:22:28.066297 2022] [mpm_winnt:notice] [pid 10864:tid 612] AH00354: Child: Starting 150 worker threads.
[Thu Jan 13 14:10:37.576176 2022] [mpm_winnt:crit] [pid 10864:tid 612] AH02538: Child: Parent process exited abruptly. Child process is ending
[Thu Jan 13 14:10:39.580977 2022] [mpm_winnt:notice] [pid 10864:tid 612] AH00364: Child: All worker threads have exited.
[Thu Jan 13 21:37:47.501306 2022] [ssl:warn] [pid 11888:tid 492] AH01909: www.example.com:443:0 server certificate does NOT include an ID which matches the server name
[Thu Jan 13 21:37:47.525497 2022] [core:warn] [pid 11888:tid 492] AH00098: pid file F:/project2/apache/logs/httpd.pid overwritten -- Unclean shutdown of previous Apache run?
[Thu Jan 13 21:37:47.527497 2022] [ssl:warn] [pid 11888:tid 492] AH01909: www.example.com:443:0 server certificate does NOT include an ID which matches the server name
[Thu Jan 13 21:37:47.771073 2022] [mpm_winnt:notice] [pid 11888:tid 492] AH00455: Apache/2.4.52 (Win64) OpenSSL/1.1.1m PHP/7.4.27 configured -- resuming normal operations
[Thu Jan 13 21:37:47.771073 2022] [mpm_winnt:notice] [pid 11888:tid 492] AH00456: Apache Lounge VC15 Server built: Dec 23 2021 11:00:40
[Thu Jan 13 21:37:47.771073 2022] [core:notice] [pid 11888:tid 492] AH00094: Command line: 'f:\\project2\\apache\\bin\\httpd.exe -d F:/project2/apache'
[Thu Jan 13 21:37:47.773073 2022] [mpm_winnt:notice] [pid 11888:tid 492] AH00418: Parent: Created child process 12484
[Thu Jan 13 21:37:48.030548 2022] [ssl:warn] [pid 12484:tid 536] AH01909: www.example.com:443:0 server certificate does NOT include an ID which matches the server name
[Thu Jan 13 21:37:48.051552 2022] [ssl:warn] [pid 12484:tid 536] AH01909: www.example.com:443:0 server certificate does NOT include an ID which matches the server name
[Thu Jan 13 21:37:48.070555 2022] [mpm_winnt:notice] [pid 12484:tid 536] AH00354: Child: Starting 150 worker threads.
[Fri Jan 14 15:48:13.719786 2022] [ssl:warn] [pid 11548:tid 500] AH01909: www.example.com:443:0 server certificate does NOT include an ID which matches the server name
[Fri Jan 14 15:48:13.744754 2022] [core:warn] [pid 11548:tid 500] AH00098: pid file F:/project2/apache/logs/httpd.pid overwritten -- Unclean shutdown of previous Apache run?
[Fri Jan 14 15:48:13.746755 2022] [ssl:warn] [pid 11548:tid 500] AH01909: www.example.com:443:0 server certificate does NOT include an ID which matches the server name
[Fri Jan 14 15:48:13.952210 2022] [mpm_winnt:notice] [pid 11548:tid 500] AH00455: Apache/2.4.52 (Win64) OpenSSL/1.1.1m PHP/7.4.27 configured -- resuming normal operations
[Fri Jan 14 15:48:13.952210 2022] [mpm_winnt:notice] [pid 11548:tid 500] AH00456: Apache Lounge VC15 Server built: Dec 23 2021 11:00:40
[Fri Jan 14 15:48:13.952210 2022] [core:notice] [pid 11548:tid 500] AH00094: Command line: 'f:\\project2\\apache\\bin\\httpd.exe -d F:/project2/apache'
[Fri Jan 14 15:48:13.954211 2022] [mpm_winnt:notice] [pid 11548:tid 500] AH00418: Parent: Created child process 7944
[Fri Jan 14 15:48:14.307600 2022] [ssl:warn] [pid 7944:tid 572] AH01909: www.example.com:443:0 server certificate does NOT include an ID which matches the server name
[Fri Jan 14 15:48:14.330104 2022] [ssl:warn] [pid 7944:tid 572] AH01909: www.example.com:443:0 server certificate does NOT include an ID which matches the server name
[Fri Jan 14 15:48:14.348517 2022] [mpm_winnt:notice] [pid 7944:tid 572] AH00354: Child: Starting 150 worker threads.
[Fri Jan 14 21:17:10.354792 2022] [ssl:warn] [pid 1788:tid 592] AH01909: www.example.com:443:0 server certificate does NOT include an ID which matches the server name
[Fri Jan 14 21:17:10.379796 2022] [core:warn] [pid 1788:tid 592] AH00098: pid file F:/project2/apache/logs/httpd.pid overwritten -- Unclean shutdown of previous Apache run?
[Fri Jan 14 21:17:10.381297 2022] [ssl:warn] [pid 1788:tid 592] AH01909: www.example.com:443:0 server certificate does NOT include an ID which matches the server name
[Fri Jan 14 21:17:10.407802 2022] [mpm_winnt:notice] [pid 1788:tid 592] AH00455: Apache/2.4.52 (Win64) OpenSSL/1.1.1m PHP/7.4.27 configured -- resuming normal operations
[Fri Jan 14 21:17:10.407802 2022] [mpm_winnt:notice] [pid 1788:tid 592] AH00456: Apache Lounge VC15 Server built: Dec 23 2021 11:00:40
[Fri Jan 14 21:17:10.407802 2022] [core:notice] [pid 1788:tid 592] AH00094: Command line: 'f:\\project2\\apache\\bin\\httpd.exe -d F:/project2/apache'
[Fri Jan 14 21:17:10.410802 2022] [mpm_winnt:notice] [pid 1788:tid 592] AH00418: Parent: Created child process 11420
[Fri Jan 14 21:17:10.651723 2022] [ssl:warn] [pid 11420:tid 572] AH01909: www.example.com:443:0 server certificate does NOT include an ID which matches the server name
[Fri Jan 14 21:17:10.677311 2022] [ssl:warn] [pid 11420:tid 572] AH01909: www.example.com:443:0 server certificate does NOT include an ID which matches the server name
[Fri Jan 14 21:17:10.696813 2022] [mpm_winnt:notice] [pid 11420:tid 572] AH00354: Child: Starting 150 worker threads.
[Fri Jan 14 23:52:49.791382 2022] [ssl:warn] [pid 16024:tid 604] AH01909: www.example.com:443:0 server certificate does NOT include an ID which matches the server name
[Fri Jan 14 23:52:49.825889 2022] [core:warn] [pid 16024:tid 604] AH00098: pid file F:/project2/apache/logs/httpd.pid overwritten -- Unclean shutdown of previous Apache run?
[Fri Jan 14 23:52:49.828388 2022] [ssl:warn] [pid 16024:tid 604] AH01909: www.example.com:443:0 server certificate does NOT include an ID which matches the server name
[Fri Jan 14 23:52:50.071930 2022] [mpm_winnt:notice] [pid 16024:tid 604] AH00455: Apache/2.4.52 (Win64) OpenSSL/1.1.1m PHP/7.4.27 configured -- resuming normal operations
[Fri Jan 14 23:52:50.071930 2022] [mpm_winnt:notice] [pid 16024:tid 604] AH00456: Apache Lounge VC15 Server built: Dec 23 2021 11:00:40
[Fri Jan 14 23:52:50.071930 2022] [core:notice] [pid 16024:tid 604] AH00094: Command line: 'f:\\project2\\apache\\bin\\httpd.exe -d F:/project2/apache'
[Fri Jan 14 23:52:50.073931 2022] [mpm_winnt:notice] [pid 16024:tid 604] AH00418: Parent: Created child process 9532
[Fri Jan 14 23:52:50.431493 2022] [ssl:warn] [pid 9532:tid 588] AH01909: www.example.com:443:0 server certificate does NOT include an ID which matches the server name
[Fri Jan 14 23:52:50.457498 2022] [ssl:warn] [pid 9532:tid 588] AH01909: www.example.com:443:0 server certificate does NOT include an ID which matches the server name
[Fri Jan 14 23:52:50.478502 2022] [mpm_winnt:notice] [pid 9532:tid 588] AH00354: Child: Starting 150 worker threads.
[Sat Jan 15 11:26:46.590463 2022] [ssl:warn] [pid 5632:tid 504] AH01909: www.example.com:443:0 server certificate does NOT include an ID which matches the server name
[Sat Jan 15 11:26:46.647973 2022] [core:warn] [pid 5632:tid 504] AH00098: pid file F:/project2/apache/logs/httpd.pid overwritten -- Unclean shutdown of previous Apache run?
[Sat Jan 15 11:26:46.650474 2022] [ssl:warn] [pid 5632:tid 504] AH01909: www.example.com:443:0 server certificate does NOT include an ID which matches the server name
[Sat Jan 15 11:26:46.690981 2022] [mpm_winnt:notice] [pid 5632:tid 504] AH00455: Apache/2.4.52 (Win64) OpenSSL/1.1.1m PHP/7.4.27 configured -- resuming normal operations
[Sat Jan 15 11:26:46.690981 2022] [mpm_winnt:notice] [pid 5632:tid 504] AH00456: Apache Lounge VC15 Server built: Dec 23 2021 11:00:40
[Sat Jan 15 11:26:46.690981 2022] [core:notice] [pid 5632:tid 504] AH00094: Command line: 'f:\\project2\\apache\\bin\\httpd.exe -d F:/project2/apache'
[Sat Jan 15 11:26:46.693981 2022] [mpm_winnt:notice] [pid 5632:tid 504] AH00418: Parent: Created child process 14456
[Sat Jan 15 11:26:47.253077 2022] [ssl:warn] [pid 14456:tid 536] AH01909: www.example.com:443:0 server certificate does NOT include an ID which matches the server name
[Sat Jan 15 11:26:47.295085 2022] [ssl:warn] [pid 14456:tid 536] AH01909: www.example.com:443:0 server certificate does NOT include an ID which matches the server name
[Sat Jan 15 11:26:47.323590 2022] [mpm_winnt:notice] [pid 14456:tid 536] AH00354: Child: Starting 150 worker threads.
[Sun Jan 16 18:38:22.475404 2022] [ssl:warn] [pid 6192:tid 524] AH01909: www.example.com:443:0 server certificate does NOT include an ID which matches the server name
[Sun Jan 16 18:38:22.499645 2022] [core:warn] [pid 6192:tid 524] AH00098: pid file F:/project2/apache/logs/httpd.pid overwritten -- Unclean shutdown of previous Apache run?
[Sun Jan 16 18:38:22.501646 2022] [ssl:warn] [pid 6192:tid 524] AH01909: www.example.com:443:0 server certificate does NOT include an ID which matches the server name
[Sun Jan 16 18:38:22.713760 2022] [mpm_winnt:notice] [pid 6192:tid 524] AH00455: Apache/2.4.52 (Win64) OpenSSL/1.1.1m PHP/7.4.27 configured -- resuming normal operations
[Sun Jan 16 18:38:22.714383 2022] [mpm_winnt:notice] [pid 6192:tid 524] AH00456: Apache Lounge VC15 Server built: Dec 23 2021 11:00:40
[Sun Jan 16 18:38:22.714383 2022] [core:notice] [pid 6192:tid 524] AH00094: Command line: 'f:\\project2\\apache\\bin\\httpd.exe -d F:/project2/apache'
[Sun Jan 16 18:38:22.716384 2022] [mpm_winnt:notice] [pid 6192:tid 524] AH00418: Parent: Created child process 13352
[Sun Jan 16 18:38:23.056874 2022] [ssl:warn] [pid 13352:tid 552] AH01909: www.example.com:443:0 server certificate does NOT include an ID which matches the server name
[Sun Jan 16 18:38:23.079378 2022] [ssl:warn] [pid 13352:tid 552] AH01909: www.example.com:443:0 server certificate does NOT include an ID which matches the server name
[Sun Jan 16 18:38:23.097881 2022] [mpm_winnt:notice] [pid 13352:tid 552] AH00354: Child: Starting 150 worker threads.
[Mon Jan 17 08:22:52.668968 2022] [ssl:warn] [pid 17952:tid 468] AH01909: www.example.com:443:0 server certificate does NOT include an ID which matches the server name
[Mon Jan 17 08:22:52.698474 2022] [core:warn] [pid 17952:tid 468] AH00098: pid file F:/project2/apache/logs/httpd.pid overwritten -- Unclean shutdown of previous Apache run?
[Mon Jan 17 08:22:52.700474 2022] [ssl:warn] [pid 17952:tid 468] AH01909: www.example.com:443:0 server certificate does NOT include an ID which matches the server name
[Mon Jan 17 08:22:52.832999 2022] [mpm_winnt:notice] [pid 17952:tid 468] AH00455: Apache/2.4.52 (Win64) OpenSSL/1.1.1m PHP/7.4.27 configured -- resuming normal operations
[Mon Jan 17 08:22:52.832999 2022] [mpm_winnt:notice] [pid 17952:tid 468] AH00456: Apache Lounge VC15 Server built: Dec 23 2021 11:00:40
[Mon Jan 17 08:22:52.833497 2022] [core:notice] [pid 17952:tid 468] AH00094: Command line: 'f:\\project2\\apache\\bin\\httpd.exe -d F:/project2/apache'
[Mon Jan 17 08:22:52.835997 2022] [mpm_winnt:notice] [pid 17952:tid 468] AH00418: Parent: Created child process 5992
[Mon Jan 17 08:22:53.104544 2022] [ssl:warn] [pid 5992:tid 516] AH01909: www.example.com:443:0 server certificate does NOT include an ID which matches the server name
[Mon Jan 17 08:22:53.133550 2022] [ssl:warn] [pid 5992:tid 516] AH01909: www.example.com:443:0 server certificate does NOT include an ID which matches the server name
[Mon Jan 17 08:22:53.156553 2022] [mpm_winnt:notice] [pid 5992:tid 516] AH00354: Child: Starting 150 worker threads.
[Mon Jan 17 16:43:12.254346 2022] [ssl:warn] [pid 15068:tid 580] AH01909: www.example.com:443:0 server certificate does NOT include an ID which matches the server name
[Mon Jan 17 16:43:12.281277 2022] [core:warn] [pid 15068:tid 580] AH00098: pid file F:/project2/apache/logs/httpd.pid overwritten -- Unclean shutdown of previous Apache run?
[Mon Jan 17 16:43:12.283277 2022] [ssl:warn] [pid 15068:tid 580] AH01909: www.example.com:443:0 server certificate does NOT include an ID which matches the server name
[Mon Jan 17 16:43:12.499807 2022] [mpm_winnt:notice] [pid 15068:tid 580] AH00455: Apache/2.4.52 (Win64) OpenSSL/1.1.1m PHP/7.4.27 configured -- resuming normal operations
[Mon Jan 17 16:43:12.499807 2022] [mpm_winnt:notice] [pid 15068:tid 580] AH00456: Apache Lounge VC15 Server built: Dec 23 2021 11:00:40
[Mon Jan 17 16:43:12.499807 2022] [core:notice] [pid 15068:tid 580] AH00094: Command line: 'f:\\project2\\apache\\bin\\httpd.exe -d F:/project2/apache'
[Mon Jan 17 16:43:12.502308 2022] [mpm_winnt:notice] [pid 15068:tid 580] AH00418: Parent: Created child process 1288
[Mon Jan 17 16:43:12.732847 2022] [ssl:warn] [pid 1288:tid 548] AH01909: www.example.com:443:0 server certificate does NOT include an ID which matches the server name
[Mon Jan 17 16:43:12.758852 2022] [ssl:warn] [pid 1288:tid 548] AH01909: www.example.com:443:0 server certificate does NOT include an ID which matches the server name
[Mon Jan 17 16:43:12.777152 2022] [mpm_winnt:notice] [pid 1288:tid 548] AH00354: Child: Starting 150 worker threads.
[Mon Jan 17 18:50:23.969233 2022] [ssl:warn] [pid 4632:tid 516] AH01909: www.example.com:443:0 server certificate does NOT include an ID which matches the server name
[Mon Jan 17 18:50:24.024242 2022] [core:warn] [pid 4632:tid 516] AH00098: pid file F:/project2/apache/logs/httpd.pid overwritten -- Unclean shutdown of previous Apache run?
[Mon Jan 17 18:50:24.026742 2022] [ssl:warn] [pid 4632:tid 516] AH01909: www.example.com:443:0 server certificate does NOT include an ID which matches the server name
[Mon Jan 17 18:50:24.198272 2022] [mpm_winnt:notice] [pid 4632:tid 516] AH00455: Apache/2.4.52 (Win64) OpenSSL/1.1.1m PHP/7.4.27 configured -- resuming normal operations
[Mon Jan 17 18:50:24.198773 2022] [mpm_winnt:notice] [pid 4632:tid 516] AH00456: Apache Lounge VC15 Server built: Dec 23 2021 11:00:40
[Mon Jan 17 18:50:24.198773 2022] [core:notice] [pid 4632:tid 516] AH00094: Command line: 'f:\\project2\\apache\\bin\\httpd.exe -d F:/project2/apache'
[Mon Jan 17 18:50:24.201773 2022] [mpm_winnt:notice] [pid 4632:tid 516] AH00418: Parent: Created child process 1244
[Mon Jan 17 18:50:24.477821 2022] [ssl:warn] [pid 1244:tid 516] AH01909: www.example.com:443:0 server certificate does NOT include an ID which matches the server name
[Mon Jan 17 18:50:24.512328 2022] [ssl:warn] [pid 1244:tid 516] AH01909: www.example.com:443:0 server certificate does NOT include an ID which matches the server name
[Mon Jan 17 18:50:24.544832 2022] [mpm_winnt:notice] [pid 1244:tid 516] AH00354: Child: Starting 150 worker threads.
[Tue Jan 18 07:04:50.924475 2022] [ssl:warn] [pid 4544:tid 520] AH01909: www.example.com:443:0 server certificate does NOT include an ID which matches the server name
[Tue Jan 18 07:04:50.959982 2022] [core:warn] [pid 4544:tid 520] AH00098: pid file F:/project2/apache/logs/httpd.pid overwritten -- Unclean shutdown of previous Apache run?
[Tue Jan 18 07:04:50.961982 2022] [ssl:warn] [pid 4544:tid 520] AH01909: www.example.com:443:0 server certificate does NOT include an ID which matches the server name
[Tue Jan 18 07:04:51.430063 2022] [mpm_winnt:notice] [pid 4544:tid 520] AH00455: Apache/2.4.52 (Win64) OpenSSL/1.1.1m PHP/7.4.27 configured -- resuming normal operations
[Tue Jan 18 07:04:51.430063 2022] [mpm_winnt:notice] [pid 4544:tid 520] AH00456: Apache Lounge VC15 Server built: Dec 23 2021 11:00:40
[Tue Jan 18 07:04:51.430063 2022] [core:notice] [pid 4544:tid 520] AH00094: Command line: 'f:\\project2\\apache\\bin\\httpd.exe -d F:/project2/apache'
[Tue Jan 18 07:04:51.433064 2022] [mpm_winnt:notice] [pid 4544:tid 520] AH00418: Parent: Created child process 14076
[Tue Jan 18 07:04:51.837635 2022] [ssl:warn] [pid 14076:tid 476] AH01909: www.example.com:443:0 server certificate does NOT include an ID which matches the server name
[Tue Jan 18 07:04:51.869140 2022] [ssl:warn] [pid 14076:tid 476] AH01909: www.example.com:443:0 server certificate does NOT include an ID which matches the server name
[Tue Jan 18 07:04:51.897646 2022] [mpm_winnt:notice] [pid 14076:tid 476] AH00354: Child: Starting 150 worker threads.
[Tue Jan 18 17:37:42.232617 2022] [ssl:warn] [pid 14724:tid 480] AH01909: www.example.com:443:0 server certificate does NOT include an ID which matches the server name
[Tue Jan 18 17:37:42.297468 2022] [core:warn] [pid 14724:tid 480] AH00098: pid file F:/project2/apache/logs/httpd.pid overwritten -- Unclean shutdown of previous Apache run?
[Tue Jan 18 17:37:42.299469 2022] [ssl:warn] [pid 14724:tid 480] AH01909: www.example.com:443:0 server certificate does NOT include an ID which matches the server name
[Tue Jan 18 17:37:42.555514 2022] [mpm_winnt:notice] [pid 14724:tid 480] AH00455: Apache/2.4.52 (Win64) OpenSSL/1.1.1m PHP/7.4.27 configured -- resuming normal operations
[Tue Jan 18 17:37:42.555514 2022] [mpm_winnt:notice] [pid 14724:tid 480] AH00456: Apache Lounge VC15 Server built: Dec 23 2021 11:00:40
[Tue Jan 18 17:37:42.555514 2022] [core:notice] [pid 14724:tid 480] AH00094: Command line: 'f:\\project2\\apache\\bin\\httpd.exe -d F:/project2/apache'
[Tue Jan 18 17:37:42.558014 2022] [mpm_winnt:notice] [pid 14724:tid 480] AH00418: Parent: Created child process 8112
[Tue Jan 18 17:37:42.817559 2022] [ssl:warn] [pid 8112:tid 88] AH01909: www.example.com:443:0 server certificate does NOT include an ID which matches the server name
[Tue Jan 18 17:37:42.842064 2022] [ssl:warn] [pid 8112:tid 88] AH01909: www.example.com:443:0 server certificate does NOT include an ID which matches the server name
[Tue Jan 18 17:37:42.863067 2022] [mpm_winnt:notice] [pid 8112:tid 88] AH00354: Child: Starting 150 worker threads.
[Wed Jan 19 18:30:56.466556 2022] [ssl:warn] [pid 2736:tid 588] AH01909: www.example.com:443:0 server certificate does NOT include an ID which matches the server name
[Wed Jan 19 18:30:56.508655 2022] [core:warn] [pid 2736:tid 588] AH00098: pid file F:/project2/apache/logs/httpd.pid overwritten -- Unclean shutdown of previous Apache run?
[Wed Jan 19 18:30:56.511156 2022] [ssl:warn] [pid 2736:tid 588] AH01909: www.example.com:443:0 server certificate does NOT include an ID which matches the server name
[Wed Jan 19 18:30:56.741776 2022] [mpm_winnt:notice] [pid 2736:tid 588] AH00455: Apache/2.4.52 (Win64) OpenSSL/1.1.1m PHP/7.4.27 configured -- resuming normal operations
[Wed Jan 19 18:30:56.741776 2022] [mpm_winnt:notice] [pid 2736:tid 588] AH00456: Apache Lounge VC15 Server built: Dec 23 2021 11:00:40
[Wed Jan 19 18:30:56.741776 2022] [core:notice] [pid 2736:tid 588] AH00094: Command line: 'f:\\project2\\apache\\bin\\httpd.exe -d F:/project2/apache'
[Wed Jan 19 18:30:56.743777 2022] [mpm_winnt:notice] [pid 2736:tid 588] AH00418: Parent: Created child process 2400
[Wed Jan 19 18:30:56.982794 2022] [ssl:warn] [pid 2400:tid 528] AH01909: www.example.com:443:0 server certificate does NOT include an ID which matches the server name
[Wed Jan 19 18:30:57.005798 2022] [ssl:warn] [pid 2400:tid 528] AH01909: www.example.com:443:0 server certificate does NOT include an ID which matches the server name
[Wed Jan 19 18:30:57.023801 2022] [mpm_winnt:notice] [pid 2400:tid 528] AH00354: Child: Starting 150 worker threads.
[Thu Jan 20 04:00:56.683769 2022] [ssl:warn] [pid 16836:tid 572] AH01909: www.example.com:443:0 server certificate does NOT include an ID which matches the server name
[Thu Jan 20 04:00:56.711274 2022] [core:warn] [pid 16836:tid 572] AH00098: pid file F:/project2/apache/logs/httpd.pid overwritten -- Unclean shutdown of previous Apache run?
[Thu Jan 20 04:00:56.713275 2022] [ssl:warn] [pid 16836:tid 572] AH01909: www.example.com:443:0 server certificate does NOT include an ID which matches the server name
[Thu Jan 20 04:00:56.999619 2022] [mpm_winnt:notice] [pid 16836:tid 572] AH00455: Apache/2.4.52 (Win64) OpenSSL/1.1.1m PHP/7.4.27 configured -- resuming normal operations
[Thu Jan 20 04:00:56.999619 2022] [mpm_winnt:notice] [pid 16836:tid 572] AH00456: Apache Lounge VC15 Server built: Dec 23 2021 11:00:40
[Thu Jan 20 04:00:56.999619 2022] [core:notice] [pid 16836:tid 572] AH00094: Command line: 'f:\\project2\\apache\\bin\\httpd.exe -d F:/project2/apache'
[Thu Jan 20 04:00:57.002120 2022] [mpm_winnt:notice] [pid 16836:tid 572] AH00418: Parent: Created child process 10440
[Thu Jan 20 04:00:57.236660 2022] [ssl:warn] [pid 10440:tid 568] AH01909: www.example.com:443:0 server certificate does NOT include an ID which matches the server name
[Thu Jan 20 04:00:57.259665 2022] [ssl:warn] [pid 10440:tid 568] AH01909: www.example.com:443:0 server certificate does NOT include an ID which matches the server name
[Thu Jan 20 04:00:57.278407 2022] [mpm_winnt:notice] [pid 10440:tid 568] AH00354: Child: Starting 150 worker threads.
[Thu Jan 20 20:35:10.487825 2022] [ssl:warn] [pid 14540:tid 476] AH01909: www.example.com:443:0 server certificate does NOT include an ID which matches the server name
[Thu Jan 20 20:35:10.514829 2022] [core:warn] [pid 14540:tid 476] AH00098: pid file F:/project2/apache/logs/httpd.pid overwritten -- Unclean shutdown of previous Apache run?
[Thu Jan 20 20:35:10.516829 2022] [ssl:warn] [pid 14540:tid 476] AH01909: www.example.com:443:0 server certificate does NOT include an ID which matches the server name
[Thu Jan 20 20:35:10.772832 2022] [mpm_winnt:notice] [pid 14540:tid 476] AH00455: Apache/2.4.52 (Win64) OpenSSL/1.1.1m PHP/7.4.27 configured -- resuming normal operations
[Thu Jan 20 20:35:10.773333 2022] [mpm_winnt:notice] [pid 14540:tid 476] AH00456: Apache Lounge VC15 Server built: Dec 23 2021 11:00:40
[Thu Jan 20 20:35:10.773333 2022] [core:notice] [pid 14540:tid 476] AH00094: Command line: 'f:\\project2\\apache\\bin\\httpd.exe -d F:/project2/apache'
[Thu Jan 20 20:35:10.775832 2022] [mpm_winnt:notice] [pid 14540:tid 476] AH00418: Parent: Created child process 3508
[Thu Jan 20 20:35:11.011374 2022] [ssl:warn] [pid 3508:tid 296] AH01909: www.example.com:443:0 server certificate does NOT include an ID which matches the server name
[Thu Jan 20 20:35:11.034878 2022] [ssl:warn] [pid 3508:tid 296] AH01909: www.example.com:443:0 server certificate does NOT include an ID which matches the server name
[Thu Jan 20 20:35:11.053381 2022] [mpm_winnt:notice] [pid 3508:tid 296] AH00354: Child: Starting 150 worker threads.
[Thu Jan 20 20:38:38.584828 2022] [ssl:warn] [pid 15816:tid 572] AH01909: www.example.com:443:0 server certificate does NOT include an ID which matches the server name
[Thu Jan 20 20:38:38.607832 2022] [core:warn] [pid 15816:tid 572] AH00098: pid file F:/project2/apache/logs/httpd.pid overwritten -- Unclean shutdown of previous Apache run?
[Thu Jan 20 20:38:38.609833 2022] [ssl:warn] [pid 15816:tid 572] AH01909: www.example.com:443:0 server certificate does NOT include an ID which matches the server name
[Thu Jan 20 20:38:38.627336 2022] [mpm_winnt:notice] [pid 15816:tid 572] AH00455: Apache/2.4.52 (Win64) OpenSSL/1.1.1m PHP/7.4.27 configured -- resuming normal operations
[Thu Jan 20 20:38:38.627336 2022] [mpm_winnt:notice] [pid 15816:tid 572] AH00456: Apache Lounge VC15 Server built: Dec 23 2021 11:00:40
[Thu Jan 20 20:38:38.627336 2022] [core:notice] [pid 15816:tid 572] AH00094: Command line: 'f:\\project2\\apache\\bin\\httpd.exe -d F:/project2/apache'
[Thu Jan 20 20:38:38.629836 2022] [mpm_winnt:notice] [pid 15816:tid 572] AH00418: Parent: Created child process 12516
[Thu Jan 20 20:38:38.864114 2022] [ssl:warn] [pid 12516:tid 572] AH01909: www.example.com:443:0 server certificate does NOT include an ID which matches the server name
[Thu Jan 20 20:38:38.887117 2022] [ssl:warn] [pid 12516:tid 572] AH01909: www.example.com:443:0 server certificate does NOT include an ID which matches the server name
[Thu Jan 20 20:38:38.905121 2022] [mpm_winnt:notice] [pid 12516:tid 572] AH00354: Child: Starting 150 worker threads.
[Thu Jan 20 20:39:24.393063 2022] [ssl:warn] [pid 14656:tid 576] AH01909: www.example.com:443:0 server certificate does NOT include an ID which matches the server name
[Thu Jan 20 20:39:24.422550 2022] [core:warn] [pid 14656:tid 576] AH00098: pid file F:/project2/apache/logs/httpd.pid overwritten -- Unclean shutdown of previous Apache run?
[Thu Jan 20 20:39:24.424551 2022] [ssl:warn] [pid 14656:tid 576] AH01909: www.example.com:443:0 server certificate does NOT include an ID which matches the server name
[Thu Jan 20 20:39:24.442054 2022] [mpm_winnt:notice] [pid 14656:tid 576] AH00455: Apache/2.4.52 (Win64) OpenSSL/1.1.1m PHP/7.4.27 configured -- resuming normal operations
[Thu Jan 20 20:39:24.442054 2022] [mpm_winnt:notice] [pid 14656:tid 576] AH00456: Apache Lounge VC15 Server built: Dec 23 2021 11:00:40
[Thu Jan 20 20:39:24.442054 2022] [core:notice] [pid 14656:tid 576] AH00094: Command line: 'f:\\project2\\apache\\bin\\httpd.exe -d F:/project2/apache'
[Thu Jan 20 20:39:24.444055 2022] [mpm_winnt:notice] [pid 14656:tid 576] AH00418: Parent: Created child process 14560
[Thu Jan 20 20:39:24.674964 2022] [ssl:warn] [pid 14560:tid 480] AH01909: www.example.com:443:0 server certificate does NOT include an ID which matches the server name
[Thu Jan 20 20:39:24.698468 2022] [ssl:warn] [pid 14560:tid 480] AH01909: www.example.com:443:0 server certificate does NOT include an ID which matches the server name
[Thu Jan 20 20:39:24.715971 2022] [mpm_winnt:notice] [pid 14560:tid 480] AH00354: Child: Starting 150 worker threads.
[Thu Jan 20 20:40:39.204163 2022] [ssl:warn] [pid 15544:tid 560] AH01909: www.example.com:443:0 server certificate does NOT include an ID which matches the server name
[Thu Jan 20 20:40:39.230168 2022] [core:warn] [pid 15544:tid 560] AH00098: pid file F:/project2/apache/logs/httpd.pid overwritten -- Unclean shutdown of previous Apache run?
[Thu Jan 20 20:40:39.231669 2022] [ssl:warn] [pid 15544:tid 560] AH01909: www.example.com:443:0 server certificate does NOT include an ID which matches the server name
[Thu Jan 20 20:40:39.249171 2022] [mpm_winnt:notice] [pid 15544:tid 560] AH00455: Apache/2.4.52 (Win64) OpenSSL/1.1.1m PHP/7.4.27 configured -- resuming normal operations
[Thu Jan 20 20:40:39.249171 2022] [mpm_winnt:notice] [pid 15544:tid 560] AH00456: Apache Lounge VC15 Server built: Dec 23 2021 11:00:40
[Thu Jan 20 20:40:39.249171 2022] [core:notice] [pid 15544:tid 560] AH00094: Command line: 'f:\\project2\\apache\\bin\\httpd.exe -d F:/project2/apache'
[Thu Jan 20 20:40:39.254172 2022] [mpm_winnt:notice] [pid 15544:tid 560] AH00418: Parent: Created child process 17324
[Thu Jan 20 20:40:39.485713 2022] [ssl:warn] [pid 17324:tid 556] AH01909: www.example.com:443:0 server certificate does NOT include an ID which matches the server name
[Thu Jan 20 20:40:39.509718 2022] [ssl:warn] [pid 17324:tid 556] AH01909: www.example.com:443:0 server certificate does NOT include an ID which matches the server name
[Thu Jan 20 20:40:39.528221 2022] [mpm_winnt:notice] [pid 17324:tid 556] AH00354: Child: Starting 150 worker threads.
[Thu Jan 20 20:41:01.034812 2022] [ssl:warn] [pid 14064:tid 448] AH01909: www.example.com:443:0 server certificate does NOT include an ID which matches the server name
[Thu Jan 20 20:41:01.057316 2022] [core:warn] [pid 14064:tid 448] AH00098: pid file F:/project2/apache/logs/httpd.pid overwritten -- Unclean shutdown of previous Apache run?
[Thu Jan 20 20:41:01.058817 2022] [ssl:warn] [pid 14064:tid 448] AH01909: www.example.com:443:0 server certificate does NOT include an ID which matches the server name
[Thu Jan 20 20:41:01.076820 2022] [mpm_winnt:notice] [pid 14064:tid 448] AH00455: Apache/2.4.52 (Win64) OpenSSL/1.1.1m PHP/7.4.27 configured -- resuming normal operations
[Thu Jan 20 20:41:01.076820 2022] [mpm_winnt:notice] [pid 14064:tid 448] AH00456: Apache Lounge VC15 Server built: Dec 23 2021 11:00:40
[Thu Jan 20 20:41:01.076820 2022] [core:notice] [pid 14064:tid 448] AH00094: Command line: 'f:\\project2\\apache\\bin\\httpd.exe -d F:/project2/apache'
[Thu Jan 20 20:41:01.078819 2022] [mpm_winnt:notice] [pid 14064:tid 448] AH00418: Parent: Created child process 14264
[Thu Jan 20 20:41:01.343666 2022] [ssl:warn] [pid 14264:tid 568] AH01909: www.example.com:443:0 server certificate does NOT include an ID which matches the server name
[Thu Jan 20 20:41:01.366670 2022] [ssl:warn] [pid 14264:tid 568] AH01909: www.example.com:443:0 server certificate does NOT include an ID which matches the server name
[Thu Jan 20 20:41:01.384173 2022] [mpm_winnt:notice] [pid 14264:tid 568] AH00354: Child: Starting 150 worker threads.
[Thu Jan 20 21:18:58.161335 2022] [ssl:warn] [pid 11720:tid 560] AH01909: www.example.com:443:0 server certificate does NOT include an ID which matches the server name
[Thu Jan 20 21:18:58.183338 2022] [core:warn] [pid 11720:tid 560] AH00098: pid file F:/project2/apache/logs/httpd.pid overwritten -- Unclean shutdown of previous Apache run?
[Thu Jan 20 21:18:58.184839 2022] [ssl:warn] [pid 11720:tid 560] AH01909: www.example.com:443:0 server certificate does NOT include an ID which matches the server name
[Thu Jan 20 21:18:58.202342 2022] [mpm_winnt:notice] [pid 11720:tid 560] AH00455: Apache/2.4.52 (Win64) OpenSSL/1.1.1m PHP/7.4.27 configured -- resuming normal operations
[Thu Jan 20 21:18:58.202342 2022] [mpm_winnt:notice] [pid 11720:tid 560] AH00456: Apache Lounge VC15 Server built: Dec 23 2021 11:00:40
[Thu Jan 20 21:18:58.202342 2022] [core:notice] [pid 11720:tid 560] AH00094: Command line: 'f:\\project2\\apache\\bin\\httpd.exe -d F:/project2/apache'
[Thu Jan 20 21:18:58.204342 2022] [mpm_winnt:notice] [pid 11720:tid 560] AH00418: Parent: Created child process 17256
[Thu Jan 20 21:18:58.439630 2022] [ssl:warn] [pid 17256:tid 572] AH01909: www.example.com:443:0 server certificate does NOT include an ID which matches the server name
[Thu Jan 20 21:18:58.462134 2022] [ssl:warn] [pid 17256:tid 572] AH01909: www.example.com:443:0 server certificate does NOT include an ID which matches the server name
[Thu Jan 20 21:18:58.479637 2022] [mpm_winnt:notice] [pid 17256:tid 572] AH00354: Child: Starting 150 worker threads.
[Fri Jan 21 07:07:26.371090 2022] [ssl:warn] [pid 17356:tid 596] AH01909: www.example.com:443:0 server certificate does NOT include an ID which matches the server name
[Fri Jan 21 07:07:26.397095 2022] [core:warn] [pid 17356:tid 596] AH00098: pid file F:/project2/apache/logs/httpd.pid overwritten -- Unclean shutdown of previous Apache run?
[Fri Jan 21 07:07:26.398596 2022] [ssl:warn] [pid 17356:tid 596] AH01909: www.example.com:443:0 server certificate does NOT include an ID which matches the server name
[Fri Jan 21 07:07:26.629135 2022] [mpm_winnt:notice] [pid 17356:tid 596] AH00455: Apache/2.4.52 (Win64) OpenSSL/1.1.1m PHP/7.4.27 configured -- resuming normal operations
[Fri Jan 21 07:07:26.629135 2022] [mpm_winnt:notice] [pid 17356:tid 596] AH00456: Apache Lounge VC15 Server built: Dec 23 2021 11:00:40
[Fri Jan 21 07:07:26.629135 2022] [core:notice] [pid 17356:tid 596] AH00094: Command line: 'f:\\project2\\apache\\bin\\httpd.exe -d F:/project2/apache'
[Fri Jan 21 07:07:26.631635 2022] [mpm_winnt:notice] [pid 17356:tid 596] AH00418: Parent: Created child process 10304
[Fri Jan 21 07:07:26.889682 2022] [ssl:warn] [pid 10304:tid 548] AH01909: www.example.com:443:0 server certificate does NOT include an ID which matches the server name
[Fri Jan 21 07:07:26.918686 2022] [ssl:warn] [pid 10304:tid 548] AH01909: www.example.com:443:0 server certificate does NOT include an ID which matches the server name
[Fri Jan 21 07:07:26.940191 2022] [mpm_winnt:notice] [pid 10304:tid 548] AH00354: Child: Starting 150 worker threads.
[Fri Jan 21 11:12:45.706242 2022] [ssl:warn] [pid 14176:tid 564] AH01909: www.example.com:443:0 server certificate does NOT include an ID which matches the server name
[Fri Jan 21 11:12:45.731747 2022] [core:warn] [pid 14176:tid 564] AH00098: pid file F:/project2/apache/logs/httpd.pid overwritten -- Unclean shutdown of previous Apache run?
[Fri Jan 21 11:12:45.733247 2022] [ssl:warn] [pid 14176:tid 564] AH01909: www.example.com:443:0 server certificate does NOT include an ID which matches the server name
[Fri Jan 21 11:12:45.751250 2022] [mpm_winnt:notice] [pid 14176:tid 564] AH00455: Apache/2.4.52 (Win64) OpenSSL/1.1.1m PHP/7.4.27 configured -- resuming normal operations
[Fri Jan 21 11:12:45.751250 2022] [mpm_winnt:notice] [pid 14176:tid 564] AH00456: Apache Lounge VC15 Server built: Dec 23 2021 11:00:40
[Fri Jan 21 11:12:45.751250 2022] [core:notice] [pid 14176:tid 564] AH00094: Command line: 'f:\\project2\\apache\\bin\\httpd.exe -d F:/project2/apache'
[Fri Jan 21 11:12:45.753251 2022] [mpm_winnt:notice] [pid 14176:tid 564] AH00418: Parent: Created child process 5288
[Fri Jan 21 11:12:45.996294 2022] [ssl:warn] [pid 5288:tid 588] AH01909: www.example.com:443:0 server certificate does NOT include an ID which matches the server name
[Fri Jan 21 11:12:46.022798 2022] [ssl:warn] [pid 5288:tid 588] AH01909: www.example.com:443:0 server certificate does NOT include an ID which matches the server name
[Fri Jan 21 11:12:46.043302 2022] [mpm_winnt:notice] [pid 5288:tid 588] AH00354: Child: Starting 150 worker threads.
[Fri Jan 21 11:17:49.308222 2022] [ssl:warn] [pid 15088:tid 484] AH01909: www.example.com:443:0 server certificate does NOT include an ID which matches the server name
[Fri Jan 21 11:17:49.332726 2022] [core:warn] [pid 15088:tid 484] AH00098: pid file F:/project2/apache/logs/httpd.pid overwritten -- Unclean shutdown of previous Apache run?
[Fri Jan 21 11:17:49.334726 2022] [ssl:warn] [pid 15088:tid 484] AH01909: www.example.com:443:0 server certificate does NOT include an ID which matches the server name
[Fri Jan 21 11:17:49.352230 2022] [mpm_winnt:notice] [pid 15088:tid 484] AH00455: Apache/2.4.52 (Win64) OpenSSL/1.1.1m PHP/7.4.27 configured -- resuming normal operations
[Fri Jan 21 11:17:49.352230 2022] [mpm_winnt:notice] [pid 15088:tid 484] AH00456: Apache Lounge VC15 Server built: Dec 23 2021 11:00:40
[Fri Jan 21 11:17:49.352230 2022] [core:notice] [pid 15088:tid 484] AH00094: Command line: 'f:\\project2\\apache\\bin\\httpd.exe -d F:/project2/apache'
[Fri Jan 21 11:17:49.354230 2022] [mpm_winnt:notice] [pid 15088:tid 484] AH00418: Parent: Created child process 7212
[Fri Jan 21 11:17:49.621777 2022] [ssl:warn] [pid 7212:tid 476] AH01909: www.example.com:443:0 server certificate does NOT include an ID which matches the server name
[Fri Jan 21 11:17:49.646282 2022] [ssl:warn] [pid 7212:tid 476] AH01909: www.example.com:443:0 server certificate does NOT include an ID which matches the server name
[Fri Jan 21 11:17:49.664785 2022] [mpm_winnt:notice] [pid 7212:tid 476] AH00354: Child: Starting 150 worker threads.
[Fri Jan 21 11:20:40.845438 2022] [ssl:warn] [pid 12612:tid 580] AH01909: www.example.com:443:0 server certificate does NOT include an ID which matches the server name
[Fri Jan 21 11:20:40.868942 2022] [core:warn] [pid 12612:tid 580] AH00098: pid file F:/project2/apache/logs/httpd.pid overwritten -- Unclean shutdown of previous Apache run?
[Fri Jan 21 11:20:40.870442 2022] [ssl:warn] [pid 12612:tid 580] AH01909: www.example.com:443:0 server certificate does NOT include an ID which matches the server name
[Fri Jan 21 11:20:40.887945 2022] [mpm_winnt:notice] [pid 12612:tid 580] AH00455: Apache/2.4.52 (Win64) OpenSSL/1.1.1m PHP/7.4.27 configured -- resuming normal operations
[Fri Jan 21 11:20:40.887945 2022] [mpm_winnt:notice] [pid 12612:tid 580] AH00456: Apache Lounge VC15 Server built: Dec 23 2021 11:00:40
[Fri Jan 21 11:20:40.888446 2022] [core:notice] [pid 12612:tid 580] AH00094: Command line: 'f:\\project2\\apache\\bin\\httpd.exe -d F:/project2/apache'
[Fri Jan 21 11:20:40.891446 2022] [mpm_winnt:notice] [pid 12612:tid 580] AH00418: Parent: Created child process 5228
[Fri Jan 21 11:20:41.139990 2022] [ssl:warn] [pid 5228:tid 484] AH01909: www.example.com:443:0 server certificate does NOT include an ID which matches the server name
[Fri Jan 21 11:20:41.171496 2022] [ssl:warn] [pid 5228:tid 484] AH01909: www.example.com:443:0 server certificate does NOT include an ID which matches the server name
[Fri Jan 21 11:20:41.194500 2022] [mpm_winnt:notice] [pid 5228:tid 484] AH00354: Child: Starting 150 worker threads.
[Fri Jan 21 18:59:57.880456 2022] [ssl:warn] [pid 6812:tid 704] AH01909: www.example.com:443:0 server certificate does NOT include an ID which matches the server name
[Fri Jan 21 18:59:57.923463 2022] [core:warn] [pid 6812:tid 704] AH00098: pid file F:/project2/apache/logs/httpd.pid overwritten -- Unclean shutdown of previous Apache run?
[Fri Jan 21 18:59:57.925464 2022] [ssl:warn] [pid 6812:tid 704] AH01909: www.example.com:443:0 server certificate does NOT include an ID which matches the server name
[Fri Jan 21 18:59:58.164505 2022] [mpm_winnt:notice] [pid 6812:tid 704] AH00455: Apache/2.4.52 (Win64) OpenSSL/1.1.1m PHP/7.4.27 configured -- resuming normal operations
[Fri Jan 21 18:59:58.164505 2022] [mpm_winnt:notice] [pid 6812:tid 704] AH00456: Apache Lounge VC15 Server built: Dec 23 2021 11:00:40
[Fri Jan 21 18:59:58.164505 2022] [core:notice] [pid 6812:tid 704] AH00094: Command line: 'f:\\project2\\apache\\bin\\httpd.exe -d F:/project2/apache'
[Fri Jan 21 18:59:58.166505 2022] [mpm_winnt:notice] [pid 6812:tid 704] AH00418: Parent: Created child process 13960
[Fri Jan 21 18:59:58.480060 2022] [ssl:warn] [pid 13960:tid 604] AH01909: www.example.com:443:0 server certificate does NOT include an ID which matches the server name
[Fri Jan 21 18:59:58.518067 2022] [ssl:warn] [pid 13960:tid 604] AH01909: www.example.com:443:0 server certificate does NOT include an ID which matches the server name
[Fri Jan 21 18:59:58.543070 2022] [mpm_winnt:notice] [pid 13960:tid 604] AH00354: Child: Starting 150 worker threads.
[Sat Jan 22 08:18:11.271965 2022] [ssl:warn] [pid 1468:tid 472] AH01909: www.example.com:443:0 server certificate does NOT include an ID which matches the server name
[Sat Jan 22 08:18:11.298720 2022] [core:warn] [pid 1468:tid 472] AH00098: pid file F:/project2/apache/logs/httpd.pid overwritten -- Unclean shutdown of previous Apache run?
[Sat Jan 22 08:18:11.300220 2022] [ssl:warn] [pid 1468:tid 472] AH01909: www.example.com:443:0 server certificate does NOT include an ID which matches the server name
[Sat Jan 22 08:18:11.517878 2022] [mpm_winnt:notice] [pid 1468:tid 472] AH00455: Apache/2.4.52 (Win64) OpenSSL/1.1.1m PHP/7.4.27 configured -- resuming normal operations
[Sat Jan 22 08:18:11.517878 2022] [mpm_winnt:notice] [pid 1468:tid 472] AH00456: Apache Lounge VC15 Server built: Dec 23 2021 11:00:40
[Sat Jan 22 08:18:11.517878 2022] [core:notice] [pid 1468:tid 472] AH00094: Command line: 'f:\\project2\\apache\\bin\\httpd.exe -d F:/project2/apache'
[Sat Jan 22 08:18:11.520379 2022] [mpm_winnt:notice] [pid 1468:tid 472] AH00418: Parent: Created child process 17284
[Sat Jan 22 08:18:11.751768 2022] [ssl:warn] [pid 17284:tid 584] AH01909: www.example.com:443:0 server certificate does NOT include an ID which matches the server name
[Sat Jan 22 08:18:11.774772 2022] [ssl:warn] [pid 17284:tid 584] AH01909: www.example.com:443:0 server certificate does NOT include an ID which matches the server name
[Sat Jan 22 08:18:11.792276 2022] [mpm_winnt:notice] [pid 17284:tid 584] AH00354: Child: Starting 150 worker threads.
[Sat Jan 22 19:30:47.385157 2022] [ssl:warn] [pid 3716:tid 484] AH01909: www.example.com:443:0 server certificate does NOT include an ID which matches the server name
[Sat Jan 22 19:30:47.412662 2022] [core:warn] [pid 3716:tid 484] AH00098: pid file F:/project2/apache/logs/httpd.pid overwritten -- Unclean shutdown of previous Apache run?
[Sat Jan 22 19:30:47.414163 2022] [ssl:warn] [pid 3716:tid 484] AH01909: www.example.com:443:0 server certificate does NOT include an ID which matches the server name
[Sat Jan 22 19:30:47.638320 2022] [mpm_winnt:notice] [pid 3716:tid 484] AH00455: Apache/2.4.52 (Win64) OpenSSL/1.1.1m PHP/7.4.27 configured -- resuming normal operations
[Sat Jan 22 19:30:47.638320 2022] [mpm_winnt:notice] [pid 3716:tid 484] AH00456: Apache Lounge VC15 Server built: Dec 23 2021 11:00:40
[Sat Jan 22 19:30:47.638320 2022] [core:notice] [pid 3716:tid 484] AH00094: Command line: 'f:\\project2\\apache\\bin\\httpd.exe -d F:/project2/apache'
[Sat Jan 22 19:30:47.640820 2022] [mpm_winnt:notice] [pid 3716:tid 484] AH00418: Parent: Created child process 16060
[Sat Jan 22 19:30:47.868553 2022] [ssl:warn] [pid 16060:tid 576] AH01909: www.example.com:443:0 server certificate does NOT include an ID which matches the server name
[Sat Jan 22 19:30:47.893057 2022] [ssl:warn] [pid 16060:tid 576] AH01909: www.example.com:443:0 server certificate does NOT include an ID which matches the server name
[Sat Jan 22 19:30:47.911061 2022] [mpm_winnt:notice] [pid 16060:tid 576] AH00354: Child: Starting 150 worker threads.
[Sun Jan 23 09:18:58.252144 2022] [ssl:warn] [pid 2200:tid 584] AH01909: www.example.com:443:0 server certificate does NOT include an ID which matches the server name
[Sun Jan 23 09:18:58.280147 2022] [core:warn] [pid 2200:tid 584] AH00098: pid file F:/project2/apache/logs/httpd.pid overwritten -- Unclean shutdown of previous Apache run?
[Sun Jan 23 09:18:58.281647 2022] [ssl:warn] [pid 2200:tid 584] AH01909: www.example.com:443:0 server certificate does NOT include an ID which matches the server name
[Sun Jan 23 09:18:58.453677 2022] [mpm_winnt:notice] [pid 2200:tid 584] AH00455: Apache/2.4.52 (Win64) OpenSSL/1.1.1m PHP/7.4.27 configured -- resuming normal operations
[Sun Jan 23 09:18:58.453677 2022] [mpm_winnt:notice] [pid 2200:tid 584] AH00456: Apache Lounge VC15 Server built: Dec 23 2021 11:00:40
[Sun Jan 23 09:18:58.453677 2022] [core:notice] [pid 2200:tid 584] AH00094: Command line: 'f:\\project2\\apache\\bin\\httpd.exe -d F:/project2/apache'
[Sun Jan 23 09:18:58.455677 2022] [mpm_winnt:notice] [pid 2200:tid 584] AH00418: Parent: Created child process 17416
[Sun Jan 23 09:18:58.705721 2022] [ssl:warn] [pid 17416:tid 488] AH01909: www.example.com:443:0 server certificate does NOT include an ID which matches the server name
[Sun Jan 23 09:18:58.739227 2022] [ssl:warn] [pid 17416:tid 488] AH01909: www.example.com:443:0 server certificate does NOT include an ID which matches the server name
[Sun Jan 23 09:18:58.761230 2022] [mpm_winnt:notice] [pid 17416:tid 488] AH00354: Child: Starting 150 worker threads.
[Sun Jan 23 21:10:37.166684 2022] [ssl:warn] [pid 15592:tid 672] AH01909: www.example.com:443:0 server certificate does NOT include an ID which matches the server name
[Sun Jan 23 21:10:37.218693 2022] [core:warn] [pid 15592:tid 672] AH00098: pid file F:/project2/apache/logs/httpd.pid overwritten -- Unclean shutdown of previous Apache run?
[Sun Jan 23 21:10:37.226194 2022] [ssl:warn] [pid 15592:tid 672] AH01909: www.example.com:443:0 server certificate does NOT include an ID which matches the server name
[Sun Jan 23 21:10:37.840801 2022] [mpm_winnt:notice] [pid 15592:tid 672] AH00455: Apache/2.4.52 (Win64) OpenSSL/1.1.1m PHP/7.4.27 configured -- resuming normal operations
[Sun Jan 23 21:10:37.840801 2022] [mpm_winnt:notice] [pid 15592:tid 672] AH00456: Apache Lounge VC15 Server built: Dec 23 2021 11:00:40
[Sun Jan 23 21:10:37.840801 2022] [core:notice] [pid 15592:tid 672] AH00094: Command line: 'f:\\project2\\apache\\bin\\httpd.exe -d F:/project2/apache'
[Sun Jan 23 21:10:37.843801 2022] [mpm_winnt:notice] [pid 15592:tid 672] AH00418: Parent: Created child process 3528
[Sun Jan 23 21:10:38.383395 2022] [ssl:warn] [pid 3528:tid 504] AH01909: www.example.com:443:0 server certificate does NOT include an ID which matches the server name
[Sun Jan 23 21:10:38.430403 2022] [ssl:warn] [pid 3528:tid 504] AH01909: www.example.com:443:0 server certificate does NOT include an ID which matches the server name
[Sun Jan 23 21:10:38.460409 2022] [mpm_winnt:notice] [pid 3528:tid 504] AH00354: Child: Starting 150 worker threads.
[Mon Jan 24 18:07:16.801969 2022] [ssl:warn] [pid 11096:tid 716] AH01909: www.example.com:443:0 server certificate does NOT include an ID which matches the server name
[Mon Jan 24 18:07:16.827973 2022] [core:warn] [pid 11096:tid 716] AH00098: pid file F:/project2/apache/logs/httpd.pid overwritten -- Unclean shutdown of previous Apache run?
[Mon Jan 24 18:07:16.829474 2022] [ssl:warn] [pid 11096:tid 716] AH01909: www.example.com:443:0 server certificate does NOT include an ID which matches the server name
[Mon Jan 24 18:07:17.045011 2022] [mpm_winnt:notice] [pid 11096:tid 716] AH00455: Apache/2.4.52 (Win64) OpenSSL/1.1.1m PHP/7.4.27 configured -- resuming normal operations
[Mon Jan 24 18:07:17.045011 2022] [mpm_winnt:notice] [pid 11096:tid 716] AH00456: Apache Lounge VC15 Server built: Dec 23 2021 11:00:40
[Mon Jan 24 18:07:17.045011 2022] [core:notice] [pid 11096:tid 716] AH00094: Command line: 'f:\\project2\\apache\\bin\\httpd.exe -d F:/project2/apache'
[Mon Jan 24 18:07:17.047012 2022] [mpm_winnt:notice] [pid 11096:tid 716] AH00418: Parent: Created child process 9888
[Mon Jan 24 18:07:17.293054 2022] [ssl:warn] [pid 9888:tid 516] AH01909: www.example.com:443:0 server certificate does NOT include an ID which matches the server name
[Mon Jan 24 18:07:17.318559 2022] [ssl:warn] [pid 9888:tid 516] AH01909: www.example.com:443:0 server certificate does NOT include an ID which matches the server name
[Mon Jan 24 18:07:17.339563 2022] [mpm_winnt:notice] [pid 9888:tid 516] AH00354: Child: Starting 150 worker threads.
